2026-03-19 11:18:22,800 - INFO - ========== 开始分割任务训练 ==========
2026-03-19 12:25:16,562 - INFO - ========== 开始分割任务训练 ==========
2026-03-19 13:35:23,495 - INFO - ========== 开始分割任务训练 ==========
2026-03-19 13:37:41,011 - INFO - ========== 开始分割任务训练 ==========
2026-03-20 08:41:36,734 - INFO - ========== 开始分割任务训练 ==========
2026-03-20 08:47:31,870 - INFO - Epoch [001] | Train Loss: 0.5009 | Loss: 0.3765 | Dice: 0.8513 | mIoU: 0.7648
2026-03-20 08:47:31,973 - INFO -  ---> 发现新最佳模型! Dice: 0.8513，已保存。
2026-03-20 08:53:24,625 - INFO - Epoch [002] | Train Loss: 0.3327 | Loss: 0.3621 | Dice: 0.8686 | mIoU: 0.7985
2026-03-20 08:53:24,745 - INFO -  ---> 发现新最佳模型! Dice: 0.8686，已保存。
2026-03-20 08:59:19,065 - INFO - Epoch [003] | Train Loss: 0.2913 | Loss: 0.4030 | Dice: 0.8498 | mIoU: 0.7704
2026-03-20 09:05:13,580 - INFO - Epoch [004] | Train Loss: 0.2719 | Loss: 0.3527 | Dice: 0.8632 | mIoU: 0.7858
2026-03-20 09:11:10,087 - INFO - Epoch [005] | Train Loss: 0.2642 | Loss: 0.3489 | Dice: 0.8674 | mIoU: 0.7864
2026-03-20 09:17:04,416 - INFO - Epoch [006] | Train Loss: 0.2523 | Loss: 0.3684 | Dice: 0.8611 | mIoU: 0.7887
2026-03-20 09:23:00,099 - INFO - Epoch [007] | Train Loss: 0.2479 | Loss: 0.3221 | Dice: 0.8705 | mIoU: 0.7908
2026-03-20 09:23:00,238 - INFO -  ---> 发现新最佳模型! Dice: 0.8705，已保存。
2026-03-20 09:28:55,628 - INFO - Epoch [008] | Train Loss: 0.2469 | Loss: 0.3077 | Dice: 0.8814 | mIoU: 0.8091
2026-03-20 09:28:55,764 - INFO -  ---> 发现新最佳模型! Dice: 0.8814，已保存。
2026-03-20 09:34:56,043 - INFO - Epoch [009] | Train Loss: 0.2408 | Loss: 0.3160 | Dice: 0.8759 | mIoU: 0.7988
2026-03-20 09:40:50,478 - INFO - Epoch [010] | Train Loss: 0.2283 | Loss: 0.3198 | Dice: 0.8760 | mIoU: 0.7993
2026-03-20 09:46:52,339 - INFO - Epoch [011] | Train Loss: 0.2287 | Loss: 0.3067 | Dice: 0.8778 | mIoU: 0.8009
2026-03-20 09:52:48,822 - INFO - Epoch [012] | Train Loss: 0.2188 | Loss: 0.3257 | Dice: 0.8703 | mIoU: 0.7867
2026-03-20 09:58:44,574 - INFO - Epoch [013] | Train Loss: 0.2163 | Loss: 0.3146 | Dice: 0.8811 | mIoU: 0.8023
2026-03-20 10:04:40,615 - INFO - Epoch [014] | Train Loss: 0.2156 | Loss: 0.3104 | Dice: 0.8836 | mIoU: 0.8135
2026-03-20 10:04:40,794 - INFO -  ---> 发现新最佳模型! Dice: 0.8836，已保存。
2026-03-20 10:10:37,458 - INFO - Epoch [015] | Train Loss: 0.2162 | Loss: 0.3499 | Dice: 0.8773 | mIoU: 0.8100
2026-03-20 10:16:33,625 - INFO - Epoch [016] | Train Loss: 0.2063 | Loss: 0.3830 | Dice: 0.8551 | mIoU: 0.7616
2026-03-20 10:22:29,998 - INFO - Epoch [017] | Train Loss: 0.2052 | Loss: 0.3861 | Dice: 0.8621 | mIoU: 0.7836
2026-03-20 10:28:28,870 - INFO - Epoch [018] | Train Loss: 0.2010 | Loss: 0.3226 | Dice: 0.8817 | mIoU: 0.8150
2026-03-20 10:34:25,977 - INFO - Epoch [019] | Train Loss: 0.2037 | Loss: 0.3119 | Dice: 0.8823 | mIoU: 0.8074
2026-03-20 10:40:22,637 - INFO - Epoch [020] | Train Loss: 0.1968 | Loss: 0.3115 | Dice: 0.8825 | mIoU: 0.8146
2026-03-20 10:46:19,791 - INFO - Epoch [021] | Train Loss: 0.1888 | Loss: 0.3289 | Dice: 0.8698 | mIoU: 0.7870
2026-03-20 10:52:17,159 - INFO - Epoch [022] | Train Loss: 0.1830 | Loss: 0.2891 | Dice: 0.8855 | mIoU: 0.8163
2026-03-20 10:52:17,358 - INFO -  ---> 发现新最佳模型! Dice: 0.8855，已保存。
2026-03-20 10:58:14,243 - INFO - Epoch [023] | Train Loss: 0.1839 | Loss: 0.3565 | Dice: 0.8735 | mIoU: 0.7953
2026-03-20 11:04:11,460 - INFO - Epoch [024] | Train Loss: 0.1810 | Loss: 0.3461 | Dice: 0.8698 | mIoU: 0.7871
2026-03-20 11:10:06,972 - INFO - Epoch [025] | Train Loss: 0.1853 | Loss: 0.3052 | Dice: 0.8900 | mIoU: 0.8236
2026-03-20 11:10:07,151 - INFO -  ---> 发现新最佳模型! Dice: 0.8900，已保存。
2026-03-20 11:16:04,136 - INFO - Epoch [026] | Train Loss: 0.1797 | Loss: 0.3366 | Dice: 0.8791 | mIoU: 0.8055
2026-03-20 11:22:05,092 - INFO - Epoch [027] | Train Loss: 0.1728 | Loss: 0.3244 | Dice: 0.8792 | mIoU: 0.8119
2026-03-20 11:28:01,413 - INFO - Epoch [028] | Train Loss: 0.1780 | Loss: 0.2829 | Dice: 0.8891 | mIoU: 0.8148
2026-03-20 11:33:57,982 - INFO - Epoch [029] | Train Loss: 0.1618 | Loss: 0.3275 | Dice: 0.8822 | mIoU: 0.8098
2026-03-20 11:39:54,490 - INFO - Epoch [030] | Train Loss: 0.1656 | Loss: 0.3068 | Dice: 0.8774 | mIoU: 0.7980
2026-03-20 11:45:51,931 - INFO - Epoch [031] | Train Loss: 0.1673 | Loss: 0.3204 | Dice: 0.8815 | mIoU: 0.8106
2026-03-20 11:51:48,814 - INFO - Epoch [032] | Train Loss: 0.1559 | Loss: 0.3485 | Dice: 0.8773 | mIoU: 0.8008
2026-03-20 11:57:46,352 - INFO - Epoch [033] | Train Loss: 0.1546 | Loss: 0.2801 | Dice: 0.8934 | mIoU: 0.8214
2026-03-20 11:57:46,545 - INFO -  ---> 发现新最佳模型! Dice: 0.8934，已保存。
2026-03-20 12:03:42,714 - INFO - Epoch [034] | Train Loss: 0.1562 | Loss: 0.3562 | Dice: 0.8729 | mIoU: 0.7932
2026-03-20 12:09:43,888 - INFO - Epoch [035] | Train Loss: 0.1491 | Loss: 0.3799 | Dice: 0.8679 | mIoU: 0.7928
2026-03-20 12:15:42,604 - INFO - Epoch [036] | Train Loss: 0.1483 | Loss: 0.2786 | Dice: 0.8918 | mIoU: 0.8190
2026-03-20 12:21:40,593 - INFO - Epoch [037] | Train Loss: 0.1450 | Loss: 0.3536 | Dice: 0.8734 | mIoU: 0.7991
2026-03-20 12:27:38,759 - INFO - Epoch [038] | Train Loss: 0.1427 | Loss: 0.3967 | Dice: 0.8694 | mIoU: 0.7948
2026-03-20 12:33:38,137 - INFO - Epoch [039] | Train Loss: 0.1419 | Loss: 0.3373 | Dice: 0.8750 | mIoU: 0.7987
2026-03-20 12:39:36,560 - INFO - Epoch [040] | Train Loss: 0.1397 | Loss: 0.3254 | Dice: 0.8838 | mIoU: 0.8142
2026-03-20 12:45:35,296 - INFO - Epoch [041] | Train Loss: 0.1360 | Loss: 0.3344 | Dice: 0.8845 | mIoU: 0.8126
2026-03-20 12:51:34,029 - INFO - Epoch [042] | Train Loss: 0.1367 | Loss: 0.3788 | Dice: 0.8740 | mIoU: 0.8023
2026-03-20 12:57:31,533 - INFO - Epoch [043] | Train Loss: 0.1331 | Loss: 0.3794 | Dice: 0.8762 | mIoU: 0.8062
2026-03-20 13:03:34,664 - INFO - Epoch [044] | Train Loss: 0.1296 | Loss: 0.3241 | Dice: 0.8857 | mIoU: 0.8121
2026-03-20 13:09:32,908 - INFO - Epoch [045] | Train Loss: 0.1310 | Loss: 0.3789 | Dice: 0.8637 | mIoU: 0.7836
2026-03-20 13:15:31,284 - INFO - Epoch [046] | Train Loss: 0.1275 | Loss: 0.3054 | Dice: 0.8829 | mIoU: 0.8077
2026-03-20 13:21:30,248 - INFO - Epoch [047] | Train Loss: 0.1208 | Loss: 0.3664 | Dice: 0.8779 | mIoU: 0.8020
2026-03-20 13:27:28,619 - INFO - Epoch [048] | Train Loss: 0.1245 | Loss: 0.2915 | Dice: 0.8861 | mIoU: 0.8122
2026-03-20 13:27:28,621 - INFO - ==== 触发早停机制 ==== 连续 15 轮验证集 Dice 未提升，停止训练。
2026-03-20 13:27:28,621 - INFO - 训练完成。最佳 Dice: 0.8934
2026-03-20 13:27:28,621 - INFO - 
==================================================
2026-03-20 13:27:28,621 - INFO - ========== 开始在 Test 集上评估最佳模型 ==========
2026-03-20 13:27:28,621 - INFO - 加载最佳模型权重: /home/liushasha/JointDenoiseSeg/results/train_ir_seg/checkpoints/best_seg_model.pth
2026-03-20 13:28:45,594 - INFO - 【最终测试性能】
2026-03-20 13:28:45,594 - INFO - Test Dice: 0.8819
2026-03-20 13:28:45,594 - INFO - Test mIoU: 0.8071
2026-03-20 13:28:45,594 - INFO - ==========================================
